This is pdfTeX, Version 3.14159265-2.6-1.40.20 (TeX Live 2019/Debian) (preloaded format=pdflatex 2021.9.25)  25 SEP 2021 19:18
entering extended mode
 restricted \write18 enabled.
 %&-line parsing enabled.
**crTP1.tex
(./crTP1.tex
LaTeX2e <2020-02-02> patch level 2
L3 programming layer <2020-02-14>
(/usr/share/texlive/texmf-dist/tex/latex/exam/exam.cls
Document Class: exam 2017/12/17 Version 2.603 by Philip Hirschhorn
(/usr/share/texlive/texmf-dist/tex/latex/base/ifthen.sty
Package: ifthen 2014/09/29 v1.1c Standard LaTeX ifthen package (DPC)
)
(/usr/share/texlive/texmf-dist/tex/latex/base/article.cls
Document Class: article 2019/12/20 v1.4l Standard LaTeX document class
(/usr/share/texlive/texmf-dist/tex/latex/base/size11.clo
File: size11.clo 2019/12/20 v1.4l Standard LaTeX file (size option)
)
\c@part=\count167
\c@section=\count168
\c@subsection=\count169
\c@subsubsection=\count170
\c@paragraph=\count171
\c@subparagraph=\count172
\c@figure=\count173
\c@table=\count174
\abovecaptionskip=\skip47
\belowcaptionskip=\skip48
\bibindent=\dimen134
)
\@extrawidth=\skip49
\@rightmargin=\skip50
\@extrahead=\skip51
\@extrafoot=\skip52
\run@exhd=\skip53
\fp@exhd=\skip54
\run@exft=\skip55
\fp@exft=\skip56
\covrun@exhd=\skip57
\covfp@exhd=\skip58
\covrun@exft=\skip59
\covfp@exft=\skip60
\c@num@coverpages=\count175
\c@latest@ques=\count176
\c@ques@end=\count177
\c@last@object=\count178
\c@incmp@ques=\count179
\c@next@ques=\count180
\c@next@page=\count181
\c@tmp@hlfcntr=\count182
\c@ifpos@cntr=\count183
\c@question=\count184
\c@partno=\count185
\c@subpart=\count186
\c@subsubpart=\count187
\c@choice=\count188
\c@numpoints=\count189
\c@numbonuspoints=\count190
\c@pointsof@thisquestion=\count191
\c@bonuspointsof@thisquestion=\count192
\c@numquestions=\count193
\c@numparts=\count194
\c@numsubparts=\count195
\c@numsubsubparts=\count196
\c@Curr@Page=\count197
\c@@pagepoints=\count198
\c@@pagebonuspoints=\count199
\c@pageof@pagepoints=\count266
\c@pageof@pagebonuspoints=\count267
\c@latest@points=\count268
\c@latest@bonuspoints=\count269
\pageinfo@commands=\toks14
\temp@toks=\toks15
\pagepoint@commands=\toks16
\point@toks=\toks17
\c@ques@object=\count270
\marginpointssep=\skip61
\rightpointsmargin=\skip62
\choice@toks=\toks18
\answerlinelength=\skip63
\answerskip=\skip64
\answerclearance=\skip65
\fillinlinelength=\skip66
\linefillheight=\skip67
\linefillthickness=\skip68
\dottedlinefillheight=\skip69
\gridsize=\skip70
\gridlinewidth=\skip71
\minboxheight=\skip72
\c@@iterator=\count271
\@cellwidth=\skip73
\c@tbl@points=\count272
\c@tbl@bonuspoints=\count273
\c@pq@index=\count274
\c@pq@index@pts=\count275
\c@pq@index@bpts=\count276
\c@num@cols=\count277
\c@num@rows=\count278
\c@current@row=\count279
\c@cols@done=\count280
\exam@box=\box45
\saved@totalleftmargin=\dimen135
\@sollistdepth=\count281
\exam@FrameRule=\dimen136
\exam@FrameSep=\dimen137
)
(./style/styleCompteRendu.sty

LaTeX Warning: You have requested package `style/styleCompteRendu',
               but the package provides `UB'.

Package: UB 2017/03/17
(/usr/share/texlive/texmf-dist/tex/generic/babel/babel.sty
Package: babel 2020/02/14 3.40 The Babel package

(/usr/share/texlive/texmf-dist/tex/generic/babel/switch.def
File: switch.def 2020/02/14 3.40 Babel switching mechanism
)

! Package babel Error: Unknown option `francais'. Either you misspelled it
(babel)                or the language definition file francais.ldf was not fou
nd.

See the babel package documentation for explanation.
Type  H <return>  for immediate help.
 ...                                              
                                                  
l.542 \ProcessOptions*
                      
Valid options are: shorthands=, KeepShorthandsActive,
activeacute, activegrave, noconfigs, safe=, main=, math=
headfoot=, strings=, config=, hyphenmap=, or a language name.

Package babel Info: You haven't specified a language. I'll use 'nil'
(babel)             as the main language. Reported on input line 572.
(/usr/share/texlive/texmf-dist/tex/generic/babel/nil.ldf
Language: nil 2020/02/14 3.40 Nil language

(/usr/share/texlive/texmf-dist/tex/generic/babel/babel.def
File: babel.def 2020/02/14 3.40 Babel common definitions
\babel@savecnt=\count282
\U@D=\dimen138

(/usr/share/texlive/texmf-dist/tex/generic/babel/txtbabel.def)
\bbl@readstream=\read2
\bbl@dirlevel=\count283
)
\l@nil=\language5
))
(/usr/share/texlive/texmf-dist/tex/latex/base/inputenc.sty
Package: inputenc 2018/08/11 v1.3c Input encoding file
\inpenc@prehook=\toks19
\inpenc@posthook=\toks20
)
(/usr/share/texlive/texmf-dist/tex/latex/base/fontenc.sty
Package: fontenc 2020/02/11 v2.0o Standard LaTeX package
)
(/usr/share/texlive/texmf-dist/tex/latex/graphics/graphicx.sty
Package: graphicx 2019/11/30 v1.2a Enhanced LaTeX Graphics (DPC,SPQR)

(/usr/share/texlive/texmf-dist/tex/latex/graphics/keyval.sty
Package: keyval 2014/10/28 v1.15 key=value parser (DPC)
\KV@toks@=\toks21
)
(/usr/share/texlive/texmf-dist/tex/latex/graphics/graphics.sty
Package: graphics 2019/11/30 v1.4a Standard LaTeX Graphics (DPC,SPQR)

(/usr/share/texlive/texmf-dist/tex/latex/graphics/trig.sty
Package: trig 2016/01/03 v1.10 sin cos tan (DPC)
)
(/usr/share/texlive/texmf-dist/tex/latex/graphics-cfg/graphics.cfg
File: graphics.cfg 2016/06/04 v1.11 sample graphics configuration
)
Package graphics Info: Driver file: pdftex.def on input line 105.

(/usr/share/texlive/texmf-dist/tex/latex/graphics-def/pdftex.def
File: pdftex.def 2018/01/08 v1.0l Graphics/color driver for pdftex
))
\Gin@req@height=\dimen139
\Gin@req@width=\dimen140
)
(/usr/share/texlive/texmf-dist/tex/latex/geometry/geometry.sty
Package: geometry 2020/01/02 v5.9 Page Geometry

(/usr/share/texlive/texmf-dist/tex/generic/iftex/ifvtex.sty
Package: ifvtex 2019/10/25 v1.7 ifvtex legacy package. Use iftex instead.

(/usr/share/texlive/texmf-dist/tex/generic/iftex/iftex.sty
Package: iftex 2019/11/07 v1.0c TeX engine tests
))
\Gm@cnth=\count284
\Gm@cntv=\count285
\c@Gm@tempcnt=\count286
\Gm@bindingoffset=\dimen141
\Gm@wd@mp=\dimen142
\Gm@odd@mp=\dimen143
\Gm@even@mp=\dimen144
\Gm@layoutwidth=\dimen145
\Gm@layoutheight=\dimen146
\Gm@layouthoffset=\dimen147
\Gm@layoutvoffset=\dimen148
\Gm@dimlist=\toks22
)
(/usr/share/texlive/texmf-dist/tex/latex/graphics/color.sty
Package: color 2019/11/23 v1.2a Standard LaTeX Color (DPC)

(/usr/share/texlive/texmf-dist/tex/latex/graphics-cfg/color.cfg
File: color.cfg 2016/01/02 v1.6 sample color configuration
)
Package color Info: Driver file: pdftex.def on input line 147.
)
(/usr/share/texlive/texmf-dist/tex/latex/xcolor/xcolor.sty
Package: xcolor 2016/05/11 v2.12 LaTeX color extensions (UK)

(/usr/share/texlive/texmf-dist/tex/latex/graphics-cfg/color.cfg
File: color.cfg 2016/01/02 v1.6 sample color configuration
)
Package xcolor Info: Driver file: pdftex.def on input line 225.
LaTeX Info: Redefining \color on input line 709.
Package xcolor Info: Model `cmy' substituted by `cmy0' on input line 1348.
Package xcolor Info: Model `hsb' substituted by `rgb' on input line 1352.
Package xcolor Info: Model `RGB' extended on input line 1364.
Package xcolor Info: Model `HTML' substituted by `rgb' on input line 1366.
Package xcolor Info: Model `Hsb' substituted by `hsb' on input line 1367.
Package xcolor Info: Model `tHsb' substituted by `hsb' on input line 1368.
Package xcolor Info: Model `HSB' substituted by `hsb' on input line 1369.
Package xcolor Info: Model `Gray' substituted by `gray' on input line 1370.
Package xcolor Info: Model `wave' substituted by `hsb' on input line 1371.
)
\c@PbNb=\count287
)
(/usr/share/texlive/texmf-dist/tex/latex/tools/verbatim.sty
Package: verbatim 2019/11/10 v1.5r LaTeX2e package for verbatim enhancements
\every@verbatim=\toks23
\verbatim@line=\toks24
\verbatim@in@stream=\read3
)
(/usr/share/texlive/texmf-dist/tex/latex/enumitem/enumitem.sty
Package: enumitem 2019/06/20 v3.9 Customized lists
\labelindent=\skip74
\enit@outerparindent=\dimen149
\enit@toks=\toks25
\enit@inbox=\box46
\enit@count@id=\count288
\enitdp@description=\count289
)
(/usr/share/texlive/texmf-dist/tex/latex/cprotect/cprotect.sty
Package: cprotect 2011/01/27 v1.0e (Bruno Le Floch)

(/usr/share/texlive/texmf-dist/tex/latex/bigfoot/suffix.sty
Package: suffix 2006/07/15 1.5a Variant command support
)
\CPT@WriteOut=\write3
\c@CPT@WriteCount=\count290
\c@CPT@numB=\count291
\CPT@commandatend@toks=\toks26
)
(/usr/share/texlive/texmf-dist/tex/latex/l3backend/l3backend-pdfmode.def
File: l3backend-pdfmode.def 2020-02-03 L3 backend support: PDF mode
\l__kernel_color_stack_int=\count292
\l__pdf_internal_box=\box47
)
(./crTP1.aux)
\openout1 = `crTP1.aux'.

LaTeX Font Info:    Checking defaults for OML/cmm/m/it on input line 5.
LaTeX Font Info:    ... okay on input line 5.
LaTeX Font Info:    Checking defaults for OMS/cmsy/m/n on input line 5.
LaTeX Font Info:    ... okay on input line 5.
LaTeX Font Info:    Checking defaults for OT1/cmr/m/n on input line 5.
LaTeX Font Info:    ... okay on input line 5.
LaTeX Font Info:    Checking defaults for T1/cmr/m/n on input line 5.
LaTeX Font Info:    ... okay on input line 5.
LaTeX Font Info:    Checking defaults for TS1/cmr/m/n on input line 5.
LaTeX Font Info:    ... okay on input line 5.
LaTeX Font Info:    Checking defaults for OMX/cmex/m/n on input line 5.
LaTeX Font Info:    ... okay on input line 5.
LaTeX Font Info:    Checking defaults for U/cmr/m/n on input line 5.
LaTeX Font Info:    ... okay on input line 5.

(/usr/share/texlive/texmf-dist/tex/context/base/mkii/supp-pdf.mkii
[Loading MPS to PDF converter (version 2006.09.02).]
\scratchcounter=\count293
\scratchdimen=\dimen150
\scratchbox=\box48
\nofMPsegments=\count294
\nofMParguments=\count295
\everyMPshowfont=\toks27
\MPscratchCnt=\count296
\MPscratchDim=\dimen151
\MPnumerator=\count297
\makeMPintoPDFobject=\count298
\everyMPtoPDFconversion=\toks28
) (/usr/share/texlive/texmf-dist/tex/latex/epstopdf-pkg/epstopdf-base.sty
Package: epstopdf-base 2020-01-24 v2.11 Base part for package epstopdf
Package epstopdf-base Info: Redefining graphics rule for `.eps' on input line 4
85.

(/usr/share/texlive/texmf-dist/tex/latex/latexconfig/epstopdf-sys.cfg
File: epstopdf-sys.cfg 2010/07/13 v1.3 Configuration of (r)epstopdf for TeX Liv
e
))
*geometry* driver: auto-detecting
*geometry* detected driver: pdftex
*geometry* verbose mode - [ preamble ] result:
* driver: pdftex
* paper: a4paper
* layout: <same size as paper>
* layoutoffset:(h,v)=(0.0pt,0.0pt)
* modes: 
* h-part:(L,W,R)=(89.62709pt, 418.25368pt, 89.6271pt)
* v-part:(T,H,B)=(28.45274pt, 715.18745pt, 101.40665pt)
* \paperwidth=597.50787pt
* \paperheight=845.04684pt
* \textwidth=418.25368pt
* \textheight=715.18745pt
* \oddsidemargin=17.3571pt
* \evensidemargin=17.3571pt
* \topmargin=-73.81725pt
* \headheight=15.0pt
* \headsep=15.0pt
* \topskip=11.0pt
* \footskip=29.0pt
* \marginparwidth=36.135pt
* \marginparsep=5.0pt
* \columnsep=10.0pt
* \skip\footins=10.0pt plus 4.0pt minus 2.0pt
* \hoffset=0.0pt
* \voffset=0.0pt
* \mag=1000
* \@twocolumnfalse
* \@twosidefalse
* \@mparswitchfalse
* \@reversemarginfalse
* (1in=72.27pt=25.4mm, 1cm=28.453pt)

LaTeX Font Info:    External font `cmex10' loaded for size
(Font)              <10.95> on input line 7.
LaTeX Font Info:    External font `cmex10' loaded for size
(Font)              <8> on input line 7.
LaTeX Font Info:    External font `cmex10' loaded for size
(Font)              <6> on input line 7.
<style/ub.png, id=1, 183.68625pt x 116.435pt>
File: style/ub.png Graphic file (type png)
<use style/ub.png>
Package pdftex.def Info: style/ub.png  used on input line 7.
(pdftex.def)             Requested size: 41.82791pt x 26.51299pt.
LaTeX Font Info:    Trying to load font information for T1+cmtt on input line 8
7.
(/usr/share/texlive/texmf-dist/tex/latex/base/t1cmtt.fd
File: t1cmtt.fd 2019/12/16 v2.5j Standard LaTeX font definitions
)
Overfull \hbox (41.96623pt too wide) in paragraph at lines 87--87
[][] \T1/cmtt/m/n/9 ep298479@zola:/home4/ep298479/Desktop$
 []


Overfull \hbox (6.79999pt too wide) in paragraph at lines 87--87
[]
 []


Underfull \hbox (badness 10000) in paragraph at lines 87--87

 []


Underfull \hbox (badness 10000) in paragraph at lines 87--87
[][] \T1/cmtt/m/n/9 $ hostname : zola $ logname
 []


Overfull \hbox (6.79999pt too wide) in paragraph at lines 87--87
[]
 []


Underfull \hbox (badness 10000) in paragraph at lines 87--87

 []


Overfull \hbox (6.79999pt too wide) in paragraph at lines 87--87
[]
 []


Underfull \hbox (badness 10000) in paragraph at lines 87--87

 []


Overfull \hbox (6.79999pt too wide) in paragraph at lines 87--87
[]
 []


Underfull \hbox (badness 10000) in paragraph at lines 87--87

 []


Underfull \hbox (badness 10000) in paragraph at lines 87--87
[][] \T1/cmtt/m/n/9 $ uname -a : Linux zola
 []


Underfull \hbox (badness 10000) in paragraph at lines 87--87
\T1/cmtt/m/n/9 4.9.0-8-amd64 1 SMP Debian
 []


Overfull \hbox (6.79999pt too wide) in paragraph at lines 87--87
[]
 []


Underfull \hbox (badness 10000) in paragraph at lines 87--87

 []


Overfull \hbox (6.79999pt too wide) in paragraph at lines 87--87
[] 
 []


Overfull \hbox (6.79999pt too wide) in paragraph at lines 122--122
[]
 []


Underfull \hbox (badness 10000) in paragraph at lines 122--122

 []


Overfull \hbox (6.79999pt too wide) in paragraph at lines 122--122
[] 
 []

[1

{/var/lib/texmf/fonts/map/pdftex/updmap/pdftex.map} <./style/ub.png>]
Underfull \hbox (badness 10000) in paragraph at lines 122--122

 []


Overfull \hbox (6.79999pt too wide) in paragraph at lines 122--122
[] 
 []


Overfull \hbox (6.79999pt too wide) in paragraph at lines 141--142
[]
 []


Underfull \hbox (badness 10000) in paragraph at lines 141--142

 []


Overfull \hbox (6.79999pt too wide) in paragraph at lines 244--244
[]
 []


Underfull \hbox (badness 10000) in paragraph at lines 244--244

 []


Overfull \hbox (6.79999pt too wide) in paragraph at lines 244--244
[]
 []


Underfull \hbox (badness 10000) in paragraph at lines 244--244

 []


Underfull \hbox (badness 10000) in paragraph at lines 244--244
[][]\T1/cmtt/m/n/9 >mv /home1/ep298479/
 []


Underfull \hbox (badness 10000) in paragraph at lines 244--244
\T1/cmtt/m/n/9 Téléchargements/TP1.pdf
 []


Overfull \hbox (6.79999pt too wide) in paragraph at lines 244--244
[]
 []


Underfull \hbox (badness 10000) in paragraph at lines 244--244

 []


Overfull \hbox (6.79999pt too wide) in paragraph at lines 244--244
[]
 []


Underfull \hbox (badness 10000) in paragraph at lines 244--244

 []


Overfull \hbox (6.79999pt too wide) in paragraph at lines 244--244
[]
 []


Underfull \hbox (badness 10000) in paragraph at lines 244--244

 []

[2]
Underfull \hbox (badness 10000) in paragraph at lines 244--244
[][]\T1/cmtt/m/n/9 >stat -c %g monNom && stat -c
 []


Overfull \hbox (6.79999pt too wide) in paragraph at lines 244--244
[]
 []


Underfull \hbox (badness 10000) in paragraph at lines 244--244

 []


Overfull \hbox (6.79999pt too wide) in paragraph at lines 244--244
[]
 []


Underfull \hbox (badness 10000) in paragraph at lines 244--244

 []


Underfull \hbox (badness 10000) in paragraph at lines 244--244
[][]\T1/cmtt/m/n/9 echo "Systèmes et réseaux -
 []


Overfull \hbox (10.89626pt too wide) in paragraph at lines 244--244
[]\T1/cmr/m/n/10.95 Rajouter au fichier \T1/cmtt/m/n/10.95 monNom \T1/cmr/m/n/1
0.95 le nom du cours. Puis ré-exécuter la commande précédente.
 []


Overfull \hbox (6.79999pt too wide) in paragraph at lines 244--244
[]
 []


Underfull \hbox (badness 10000) in paragraph at lines 244--244

 []


Overfull \hbox (6.79999pt too wide) in paragraph at lines 244--244
[] 
 []


Overfull \hbox (6.79999pt too wide) in paragraph at lines 294--294
[]
 []


Underfull \hbox (badness 10000) in paragraph at lines 294--294

 []


Overfull \hbox (6.79999pt too wide) in paragraph at lines 294--294
[]
 []


Underfull \hbox (badness 10000) in paragraph at lines 294--294

 []


Overfull \hbox (6.79999pt too wide) in paragraph at lines 294--294
[]
 []


Underfull \hbox (badness 10000) in paragraph at lines 294--294

 []


Overfull \hbox (6.79999pt too wide) in paragraph at lines 294--294
[] 
 []


Underfull \hbox (badness 10000) in paragraph at lines 367--367

 []

[3]
Overfull \hbox (6.79999pt too wide) in paragraph at lines 367--367
[]
 []


Underfull \hbox (badness 10000) in paragraph at lines 367--367

 []


Overfull \hbox (6.79999pt too wide) in paragraph at lines 367--367
[]
 []


Underfull \hbox (badness 10000) in paragraph at lines 367--367

 []


Overfull \hbox (6.79999pt too wide) in paragraph at lines 367--367
[] 
 []


Overfull \hbox (6.79999pt too wide) in paragraph at lines 367--367
[]
 []


Underfull \hbox (badness 10000) in paragraph at lines 367--367

 []


Overfull \hbox (6.79999pt too wide) in paragraph at lines 367--367
[] 
 []

[4]
This exam contains 0 questions with 0 parts, 0 subparts, and 0 subsubparts.
(./crTP1.aux) ) 
Here is how much of TeX's memory you used:
 4538 strings out of 483140
 63496 string characters out of 5965151
 336777 words of memory out of 5000000
 19521 multiletter control sequences out of 15000+600000
 539138 words of font info for 40 fonts, out of 8000000 for 9000
 36 hyphenation exceptions out of 8191
 38i,10n,41p,238b,444s stack positions out of 5000i,500n,10000p,200000b,80000s
 </home/valentin/.texlive2019/texmf-var/fonts/pk/ljfour/jknappen
/ec/tcrm1095.600pk> </home/valentin/.texlive2019/texmf-var/fonts/pk/ljfour/jkna
ppen/ec/ectt1095.600pk> </home/valentin/.texlive2019/texmf-var/fonts/pk/ljfour/
jknappen/ec/ectt0900.600pk> </home/valentin/.texlive2019/texmf-var/fonts/pk/ljf
our/jknappen/ec/ecbx1095.600pk> </home/valentin/.texlive2019/texmf-var/fonts/pk
/ljfour/jknappen/ec/ecbx1200.600pk> </home/valentin/.texlive2019/texmf-var/font
s/pk/ljfour/jknappen/ec/ecrm1095.600pk>
Output written on crTP1.pdf (4 pages, 84109 bytes).
PDF statistics:
 281 PDF objects out of 1000 (max. 8388607)
 34 compressed objects within 1 object stream
 0 named destinations out of 1000 (max. 500000)
 6 words of extra memory for PDF output out of 10000 (max. 10000000)

